#
# A fatal error has been detected by the Java Runtime Environment:
#
#  Internal Error (classFileParser.cpp:3375), pid=3424, tid=1964
#  Error: ShouldNotReachHere()
#
# JRE version: 6.0_23-b05
# Java VM: Java HotSpot(TM) Client VM (19.0-b09 mixed mode windows-x86 )
# If you would like to submit a bug report, please visit:
#   http://java.sun.com/webapps/bugreport/crash.jsp
#

---------------  T H R E A D  ---------------

Current thread (0x00846c00):  JavaThread "Unknown thread" [_thread_in_vm, id=1964, stack(0x008e0000,0x00930000)]

Stack: [0x008e0000,0x00930000],  sp=0x0092f8a4,  free space=318k
Native frames: (J=compiled Java code, j=interpreted, Vv=VM code, C=native code)
V  [jvm.dll+0x200a27]
V  [jvm.dll+0xa536b]
V  [jvm.dll+0x761e8]
V  [jvm.dll+0x779ef]
V  [jvm.dll+0x1cfdc5]
V  [jvm.dll+0x1d069d]
V  [jvm.dll+0x1d0a65]
V  [jvm.dll+0x1d0aab]
V  [jvm.dll+0x1d0bd2]
V  [jvm.dll+0x1d0c4a]
V  [jvm.dll+0x1d0d2d]
V  [jvm.dll+0x1d0fd2]
V  [jvm.dll+0x1f0783]
V  [jvm.dll+0x1f0b5c]
V  [jvm.dll+0xdbd3c]
V  [jvm.dll+0x1e9c28]
V  [jvm.dll+0x106190]
C  [javaw.exe+0x1657]
C  [javaw.exe+0x1e2c]
C  [javaw.exe+0x8614]
C  [kernel32.dll+0xb729]


---------------  P R O C E S S  ---------------

Java Threads: ( => current thread )

Other Threads:

=>0x00846c00 (exited) JavaThread "Unknown thread" [_thread_in_vm, id=1964, stack(0x008e0000,0x00930000)]

VM state:not at safepoint (not fully initialized)

VM Mutex/Monitor currently owned by a thread: None

Dynamic libraries:
0x00400000 - 0x00424000 	C:\Program Files\Java\jre6\bin\javaw.exe
0x7c920000 - 0x7c9b7000 	C:\WINDOWS\system32\ntdll.dll
0x7c800000 - 0x7c91f000 	C:\WINDOWS\system32\kernel32.dll
0x77da0000 - 0x77e47000 	C:\WINDOWS\system32\ADVAPI32.dll
0x77e50000 - 0x77ee3000 	C:\WINDOWS\system32\RPCRT4.dll
0x77fc0000 - 0x77fd1000 	C:\WINDOWS\system32\Secur32.dll
0x77d10000 - 0x77d9f000 	C:\WINDOWS\system32\USER32.dll
0x77ef0000 - 0x77f39000 	C:\WINDOWS\system32\GDI32.dll
0x76300000 - 0x7631d000 	C:\WINDOWS\system32\IMM32.DLL
0x621f0000 - 0x621f9000 	C:\WINDOWS\system32\LPK.DLL
0x73fa0000 - 0x7400b000 	C:\WINDOWS\system32\USP10.dll
0x7c340000 - 0x7c396000 	C:\Program Files\Java\jre6\bin\msvcr71.dll
0x6d7f0000 - 0x6da9c000 	C:\Program Files\Java\jre6\bin\client\jvm.dll
0x76b10000 - 0x76b3a000 	C:\WINDOWS\system32\WINMM.dll
0x6d7a0000 - 0x6d7ac000 	C:\Program Files\Java\jre6\bin\verify.dll
0x6d320000 - 0x6d33f000 	C:\Program Files\Java\jre6\bin\java.dll
0x6d280000 - 0x6d288000 	C:\Program Files\Java\jre6\bin\hpi.dll
0x76bc0000 - 0x76bcb000 	C:\WINDOWS\system32\PSAPI.DLL
0x6d7e0000 - 0x6d7ef000 	C:\Program Files\Java\jre6\bin\zip.dll

VM Arguments:
jvm_args: -Dvce.launchers=org.eclipse.ve.internal.java.vce.launcher.remotevm.JFCLauncher -Dvce.launcher.class=com.camera.VideoRecorder -Dfile.encoding=MS950 -Xbootclasspath:C:\sdk\android\platforms\android-8\android.jar;C:\sdk\android\add-ons\addon_google_apis_google_inc_8\libs\maps.jar 
java_command: org.eclipse.ve.internal.java.vce.launcher.remotevm.JavaBeansLauncher
Launcher Type: SUN_STANDARD

Environment Variables:
PATH=C:/Program Files/Java/jre6/bin/client;C:/Program Files/Java/jre6/bin;C:/Program Files/Java/jre6/lib/i386;C:\PROGRA~1\Borland\CBUILD~1\Bin;C:\PROGRA~1\Borland\CBUILD~1\Projects\Bpl;C:\Program Files\Common Files\NetSarang;C:\WINDOWS\system32;C:\WINDOWS;C:\WINDOWS\System32\Wbem;C:\Program Files\Common Files\GTK\2.0\bin;C:\sdk\android\tools;C:\Program Files\TortoiseSVN\bin;C:\Program Files\Java\jdk1.6.0_21\bin;C:\AppServ\MySQL\bin;C:\AppServ\Apache2.2\bin;C:\AppServ\php5
USERNAME=vic
OS=Windows_NT
PROCESSOR_IDENTIFIER=x86 Family 15 Model 1 Stepping 3, GenuineIntel



---------------  S Y S T E M  ---------------

OS: Windows XP Build 2600 Service Pack 3

CPU:total 1 (1 cores per cpu, 1 threads per core) family 15 model 1 stepping 3, cmov, cx8, fxsr, mmx, sse, sse2

Memory: 4k page, physical 1015284k(267264k free), swap 1661096k(690520k free)

vm_info: Java HotSpot(TM) Client VM (19.0-b09) for windows-x86 JRE (1.6.0_23-b05), built on Nov 12 2010 15:00:43 by "java_re" with MS VC++ 7.1 (VS2003)

time: Wed Nov 02 13:41:28 2011
elapsed time: 0 seconds

